

Processing PostsController#index (for 127.0.0.1 at 2009-01-31 18:45:13) [GET]


CGI::Session::CookieStore::TamperedWithCookie (CGI::Session::CookieStore::TamperedWithCookie):
    /usr/local/lib/ruby/gems/1.8/gems/actionpack-2.2.2/lib/action_controller/session/cookie_store.rb:145:in `unmarshal'
    /usr/local/lib/ruby/gems/1.8/gems/actionpack-2.2.2/lib/action_controller/session/cookie_store.rb:102:in `restore'
    /usr/local/lib/ruby/1.8/cgi/session.rb:304:in `[]'
    /usr/local/lib/ruby/gems/1.8/gems/actionpack-2.2.2/lib/action_controller/cgi_process.rb:98:in `session'
    /usr/local/lib/ruby/gems/1.8/gems/actionpack-2.2.2/lib/action_controller/cgi_process.rb:130:in `stale_session_check!'
    /usr/local/lib/ruby/gems/1.8/gems/actionpack-2.2.2/lib/action_controller/cgi_process.rb:78:in `session'
    /usr/local/lib/ruby/gems/1.8/gems/actionpack-2.2.2/lib/action_controller/base.rb:1205:in `assign_shortcuts_without_flash'
    /usr/local/lib/ruby/gems/1.8/gems/actionpack-2.2.2/lib/action_controller/flash.rb:166:in `assign_shortcuts'
    /usr/local/lib/ruby/gems/1.8/gems/actionpack-2.2.2/lib/action_controller/base.rb:519:in `process_without_filters'
    /usr/local/lib/ruby/gems/1.8/gems/actionpack-2.2.2/lib/action_controller/filters.rb:606:in `process_without_session_management_support'
    /usr/local/lib/ruby/gems/1.8/gems/actionpack-2.2.2/lib/action_controller/session_management.rb:134:in `process'
    /usr/local/lib/ruby/gems/1.8/gems/actionpack-2.2.2/lib/action_controller/base.rb:392:in `process'
    /usr/local/lib/ruby/gems/1.8/gems/actionpack-2.2.2/lib/action_controller/dispatcher.rb:183:in `handle_request'
    /usr/local/lib/ruby/gems/1.8/gems/actionpack-2.2.2/lib/action_controller/dispatcher.rb:110:in `dispatch_unlocked'
    /usr/local/lib/ruby/gems/1.8/gems/actionpack-2.2.2/lib/action_controller/dispatcher.rb:123:in `dispatch'
    /usr/local/lib/ruby/gems/1.8/gems/actionpack-2.2.2/lib/action_controller/dispatcher.rb:122:in `synchronize'
    /usr/local/lib/ruby/gems/1.8/gems/actionpack-2.2.2/lib/action_controller/dispatcher.rb:122:in `dispatch'
    /usr/local/lib/ruby/gems/1.8/gems/actionpack-2.2.2/lib/action_controller/dispatcher.rb:132:in `dispatch_cgi'
    /usr/local/lib/ruby/gems/1.8/gems/actionpack-2.2.2/lib/action_controller/dispatcher.rb:39:in `dispatch'
    /usr/local/lib/ruby/gems/1.8/gems/mongrel-1.1.5/bin/../lib/mongrel/rails.rb:76:in `process'
    /usr/local/lib/ruby/gems/1.8/gems/mongrel-1.1.5/bin/../lib/mongrel/rails.rb:74:in `synchronize'
    /usr/local/lib/ruby/gems/1.8/gems/mongrel-1.1.5/bin/../lib/mongrel/rails.rb:74:in `process'
    /usr/local/lib/ruby/gems/1.8/gems/mongrel-1.1.5/lib/mongrel.rb:159:in `process_client'
    /usr/local/lib/ruby/gems/1.8/gems/mongrel-1.1.5/lib/mongrel.rb:158:in `each'
    /usr/local/lib/ruby/gems/1.8/gems/mongrel-1.1.5/lib/mongrel.rb:158:in `process_client'
    /usr/local/lib/ruby/gems/1.8/gems/mongrel-1.1.5/lib/mongrel.rb:285:in `run'
    /usr/local/lib/ruby/gems/1.8/gems/mongrel-1.1.5/lib/mongrel.rb:285:in `initialize'
    /usr/local/lib/ruby/gems/1.8/gems/mongrel-1.1.5/lib/mongrel.rb:285:in `new'
    /usr/local/lib/ruby/gems/1.8/gems/mongrel-1.1.5/lib/mongrel.rb:285:in `run'
    /usr/local/lib/ruby/gems/1.8/gems/mongrel-1.1.5/lib/mongrel.rb:268:in `initialize'
    /usr/local/lib/ruby/gems/1.8/gems/mongrel-1.1.5/lib/mongrel.rb:268:in `new'
    /usr/local/lib/ruby/gems/1.8/gems/mongrel-1.1.5/lib/mongrel.rb:268:in `run'
    /usr/local/lib/ruby/gems/1.8/gems/mongrel-1.1.5/lib/mongrel/configurator.rb:282:in `run'
    /usr/local/lib/ruby/gems/1.8/gems/mongrel-1.1.5/lib/mongrel/configurator.rb:281:in `each'
    /usr/local/lib/ruby/gems/1.8/gems/mongrel-1.1.5/lib/mongrel/configurator.rb:281:in `run'
    /usr/local/lib/ruby/gems/1.8/gems/mongrel-1.1.5/bin/mongrel_rails:128:in `run'
    /usr/local/lib/ruby/gems/1.8/gems/mongrel-1.1.5/lib/mongrel/command.rb:212:in `run'
    /usr/local/lib/ruby/gems/1.8/gems/mongrel-1.1.5/bin/mongrel_rails:281
    /usr/local/lib/ruby/gems/1.8/gems/activesupport-2.2.2/lib/active_support/dependencies.rb:142:in `load_without_new_constant_marking'
    /usr/local/lib/ruby/gems/1.8/gems/activesupport-2.2.2/lib/active_support/dependencies.rb:142:in `load'
    /usr/local/lib/ruby/gems/1.8/gems/activesupport-2.2.2/lib/active_support/dependencies.rb:521:in `new_constants_in'
    /usr/local/lib/ruby/gems/1.8/gems/activesupport-2.2.2/lib/active_support/dependencies.rb:142:in `load'
    /home/george/.gem/ruby/1.8/gems/rails-2.2.2/lib/commands/servers/mongrel.rb:64
    /usr/local/lib/ruby/site_ruby/1.8/rubygems/custom_require.rb:31:in `gem_original_require'
    /usr/local/lib/ruby/site_ruby/1.8/rubygems/custom_require.rb:31:in `require'
    /usr/local/lib/ruby/gems/1.8/gems/activesupport-2.2.2/lib/active_support/dependencies.rb:153:in `require'
    /usr/local/lib/ruby/gems/1.8/gems/activesupport-2.2.2/lib/active_support/dependencies.rb:521:in `new_constants_in'
    /usr/local/lib/ruby/gems/1.8/gems/activesupport-2.2.2/lib/active_support/dependencies.rb:153:in `require'
    /home/george/.gem/ruby/1.8/gems/rails-2.2.2/lib/commands/server.rb:49
    /usr/local/lib/ruby/site_ruby/1.8/rubygems/custom_require.rb:31:in `gem_original_require'
    /usr/local/lib/ruby/site_ruby/1.8/rubygems/custom_require.rb:31:in `require'
    script/server:3

Rendered /usr/local/lib/ruby/gems/1.8/gems/actionpack-2.2.2/lib/action_controller/templates/rescues/_trace (243.4ms)
Rendered /usr/local/lib/ruby/gems/1.8/gems/actionpack-2.2.2/lib/action_controller/templates/rescues/_request_and_response (1.5ms)
Rendering /usr/local/lib/ruby/gems/1.8/gems/actionpack-2.2.2/lib/action_controller/templates/rescues/layout.erb (internal_server_error)


Processing PostsController#index (for 127.0.0.1 at 2009-01-31 18:45:33) [GET]
  [4;36;1mSQL (64.8ms)[0m   [0;1mSET NAMES 'utf8'[0m
  [4;35;1mSQL (19.1ms)[0m   [0mSET SQL_AUTO_IS_NULL=0[0m
  [4;36;1mPost Load (49.9ms)[0m   [0;1mSELECT * FROM `posts` [0m
Rendering template within layouts/posts
Rendering posts/index
  [4;35;1mPost Columns (184.4ms)[0m   [0mSHOW FIELDS FROM `posts`[0m
Completed in 261ms (View: 17, DB: 318) | 200 OK [http://localhost/posts]


Processing PostsController#index to xml (for 127.0.0.1 at 2009-01-31 18:47:00) [GET]
  [4;36;1mSQL (0.4ms)[0m   [0;1mSET NAMES 'utf8'[0m
  [4;35;1mSQL (0.6ms)[0m   [0mSET SQL_AUTO_IS_NULL=0[0m
  [4;36;1mPost Load (26.3ms)[0m   [0;1mSELECT * FROM `posts` [0m
  [4;35;1mPost Columns (1.7ms)[0m   [0mSHOW FIELDS FROM `posts`[0m
Completed in 42ms (View: 5, DB: 29) | 200 OK [http://localhost/posts.xml]


Processing PostsController#new (for 127.0.0.1 at 2009-01-31 18:52:21) [GET]
  [4;36;1mSQL (2.2ms)[0m   [0;1mSET NAMES 'utf8'[0m
  [4;35;1mSQL (0.3ms)[0m   [0mSET SQL_AUTO_IS_NULL=0[0m
  [4;36;1mPost Columns (19.3ms)[0m   [0;1mSHOW FIELDS FROM `posts`[0m
Rendering template within layouts/posts
Rendering posts/new
Completed in 45ms (View: 16, DB: 22) | 200 OK [http://localhost/posts/new]


Processing PostsController#create (for 127.0.0.1 at 2009-01-31 18:52:23) [POST]
  Parameters: {"commit"=>"Create", "authenticity_token"=>"d2c39f1705a51253a84fa7f5914d2d5df0c4b40b", "post"=>{"body"=>""}}
  [4;35;1mSQL (0.2ms)[0m   [0mSET NAMES 'utf8'[0m
  [4;36;1mSQL (0.4ms)[0m   [0;1mSET SQL_AUTO_IS_NULL=0[0m
  [4;35;1mPost Columns (18.9ms)[0m   [0mSHOW FIELDS FROM `posts`[0m
  [4;36;1mSQL (6.5ms)[0m   [0;1mBEGIN[0m
  [4;35;1mSQL (5.1ms)[0m   [0mROLLBACK[0m
Rendering template within layouts/posts
Rendering posts/new
Completed in 69ms (View: 13, DB: 31) | 200 OK [http://localhost/posts]


Processing PostsController#index (for 127.0.0.1 at 2009-01-31 18:52:25) [GET]
  [4;36;1mSQL (0.2ms)[0m   [0;1mSET NAMES 'utf8'[0m
  [4;35;1mSQL (0.2ms)[0m   [0mSET SQL_AUTO_IS_NULL=0[0m
  [4;36;1mPost Load (0.7ms)[0m   [0;1mSELECT * FROM `posts` [0m
Rendering template within layouts/posts
Rendering posts/index
  [4;35;1mPost Columns (7.8ms)[0m   [0mSHOW FIELDS FROM `posts`[0m
Completed in 51ms (View: 15, DB: 9) | 200 OK [http://localhost/posts]


Processing PostsController#new (for 127.0.0.1 at 2009-01-31 19:14:58) [GET]
  [4;36;1mSQL (0.3ms)[0m   [0;1mSET NAMES 'utf8'[0m
  [4;35;1mSQL (1.8ms)[0m   [0mSET SQL_AUTO_IS_NULL=0[0m
  [4;36;1mPost Columns (24.1ms)[0m   [0;1mSHOW FIELDS FROM `posts`[0m
Rendering template within layouts/posts
Rendering posts/new
Completed in 105ms (View: 38, DB: 26) | 200 OK [http://localhost/posts/new]


Processing PostsController#create (for 127.0.0.1 at 2009-01-31 19:15:07) [POST]
  Parameters: {"commit"=>"Create", "authenticity_token"=>"d2c39f1705a51253a84fa7f5914d2d5df0c4b40b", "post"=>{"body"=>"fsfsfsfsfs\r\nf\r\ns\r\nf\r\ns\r\nfsdfsfsfsfsfs\r\nf\r\ns\r\nf\r\ns\r\nfsdfsfsfsfsfs\r\nf\r\ns\r\nf\r\ns\r\nfsdfsfsfsfsfs\r\nf\r\ns\r\nf\r\ns\r\nfsdfsfsfsfsfs\r\nf\r\ns\r\nf\r\ns\r\nfsdfsfsfsfsfs\r\nf\r\ns\r\nf\r\ns\r\nfsdfsfsfsfsfs\r\nf\r\ns\r\nf\r\ns\r\nfsdfsfsfsfsfs\r\nf\r\ns\r\nf\r\ns\r\nfsdfsfsfsfsfs\r\nf\r\ns\r\nf\r\ns\r\nfsdfsfsfsfsfs\r\nf\r\ns\r\nf\r\ns\r\nfsdfsfsfsfsfs\r\nf\r\ns\r\nf\r\ns\r\nfsdfsfsfsfsfs\r\nf\r\ns\r\nf\r\ns\r\nfsdfsfsfsfsfs\r\nf\r\ns\r\nf\r\ns\r\nfsdfsfsfsfsfs\r\nf\r\ns\r\nf\r\ns\r\nfsdfsfsfsfsfs\r\nf\r\ns\r\nf\r\ns\r\nfsdfsfsfsfsfs\r\nf\r\ns\r\nf\r\ns\r\nfsdfsfsfsfsfs\r\nf\r\ns\r\nf\r\ns\r\nfsdfsfsfsfsfs\r\nf\r\ns\r\nf\r\ns\r\nfsdfsfsfsfsfs\r\nf\r\ns\r\nf\r\ns\r\nfsdfsfsfsfsfs\r\nf\r\ns\r\nf\r\ns\r\nfsdfsfsfsfsfs\r\nf\r\ns\r\nf\r\ns\r\nfsdfsfsfsfsfs\r\nf\r\ns\r\nf\r\ns\r\nfsdfsfsfsfsfs\r\nf\r\ns\r\nf\r\ns\r\nfsdfsfsfsfsfs\r\nf\r\ns\r\nf\r\ns\r\nfsdfsfsfsfsfs\r\nf\r\ns\r\nf\r\ns\r\nfsdfsfsfsfsfs\r\nf\r\ns\r\nf\r\ns\r\nfsdfsfsfsfsfs\r\nf\r\ns\r\nf\r\ns\r\nfsdfsfsfsfsfs\r\nf\r\ns\r\nf\r\ns\r\nfsdfsfsfsfsfs\r\nf\r\ns\r\nf\r\ns\r\nfsdfsfsfsfsfs\r\nf\r\ns\r\nf\r\ns\r\nfsdfsfsfsfsfs\r\nf\r\ns\r\nf\r\ns\r\nfsdfsfsfsfsfs\r\nf\r\ns\r\nf\r\ns\r\nfsdfsfsfsfsfs\r\nf\r\ns\r\nf\r\ns\r\nfsdfsfsfsfsfs\r\nf\r\ns\r\nf\r\ns\r\nfsdfsfsfsfsfs\r\nf\r\ns\r\nf\r\ns\r\nfsdfsfsfsfsfs\r\nf\r\ns\r\nf\r\ns\r\nfsdfsfsfsfsfs\r\nf\r\ns\r\nf\r\ns\r\nfsdfsfsfsfsfs\r\nf\r\ns\r\nf\r\ns\r\nfsdfsfsfsfsfs\r\nf\r\ns\r\nf\r\ns\r\nfsdfsfsfsfsfs\r\nf\r\ns\r\nf\r\ns\r\nfsdfsfsfsfsfs\r\nf\r\ns\r\nf\r\ns\r\nfsdfsfsfsfsfs\r\nf\r\ns\r\nf\r\ns\r\nfsdfsfsfsfsfs\r\nf\r\ns\r\nf\r\ns\r\nfsdfsfsfsfsfs\r\nf\r\ns\r\nf\r\ns\r\nfsdfsfsfsfsfs\r\nf\r\ns\r\nf\r\ns\r\nfsdfsfsfsfsfs\r\nf\r\ns\r\nf\r\ns\r\nfsdfsfsfsfsfs\r\nf\r\ns\r\nf\r\ns\r\nfsdfsfsfsfsfs\r\nf\r\ns\r\nf\r\ns\r\nfsdfsfsfsfsfs\r\nf\r\ns\r\nf\r\ns\r\nfsdfsfsfsfsfs\r\nf\r\ns\r\nf\r\ns\r\nfsdfsfsfsfsfs\r\nf\r\ns\r\nf\r\ns\r\nfsdfsfsfsfsfs\r\nf\r\ns\r\nf\r\ns\r\nfsdfsfsfsfsfs\r\nf\r\ns\r\nf\r\ns\r\nfsdfsfsfsfsfs\r\nf\r\ns\r\nf\r\ns\r\nfsdfsfsfsfsfs\r\nf\r\ns\r\nf\r\ns\r\nfsdfsfsfsfsfs\r\nf\r\ns\r\nf\r\ns\r\nfsdfsfsfsfsfs\r\nf\r\ns\r\nf\r\ns\r\nfsdfsfsfsfsfs\r\nf\r\ns\r\nf\r\ns\r\nfsdfsfsfsfsfs\r\nf\r\ns\r\nf\r\ns\r\nfsd"}}
  [4;35;1mSQL (0.4ms)[0m   [0mSET NAMES 'utf8'[0m
  [4;36;1mSQL (0.9ms)[0m   [0;1mSET SQL_AUTO_IS_NULL=0[0m
  [4;35;1mPost Columns (4.0ms)[0m   [0mSHOW FIELDS FROM `posts`[0m
  [4;36;1mSQL (5.9ms)[0m   [0;1mBEGIN[0m
  [4;35;1mSQL (0.7ms)[0m   [0mROLLBACK[0m
Rendering template within layouts/posts
Rendering posts/new
Completed in 81ms (View: 15, DB: 12) | 200 OK [http://localhost/posts]


Processing PostsController#index (for 127.0.0.1 at 2009-01-31 19:15:15) [GET]
  [4;36;1mSQL (0.3ms)[0m   [0;1mSET NAMES 'utf8'[0m
  [4;35;1mSQL (5.8ms)[0m   [0mSET SQL_AUTO_IS_NULL=0[0m
  [4;36;1mPost Load (15.2ms)[0m   [0;1mSELECT * FROM `posts` [0m
Rendering template within layouts/posts
Rendering posts/index
  [4;35;1mPost Columns (2.1ms)[0m   [0mSHOW FIELDS FROM `posts`[0m
Completed in 62ms (View: 22, DB: 23) | 200 OK [http://localhost/posts]
